<?xml version="1.0" encoding="UTF-8"?>
<testsuite xmlns:xsi="http://www.w3.org/2001/XMLSchema-instance" xsi:noNamespaceSchemaLocation="https://maven.apache.org/surefire/maven-surefire-plugin/xsd/surefire-test-report-3.0.xsd" version="3.0" name="TestSuite" time="27.115" tests="1" errors="0" skipped="0" failures="0">
  <properties>
[...]
</properties>
  <testcase name="runScenario[&quot;practice2&quot;, &quot;user experience on search bar and top deals&quot;](1)" classname="CucumberOptions.TestngTest_runner" time="26.017">
    <system-out><![CDATA[
@tag @placeorder
Scenario Outline: practice2                                               # src/test/java/feauture/checkout.feature:16
  Given user should be on practice landing page                           # stepDefinations.practice.user_should_be_on_practice_landing_page()
Tomato is the product name
Tomatois the product name
  And search the product with short name tom and extract the product name # stepDefinations.practice.search_the_product_with_short_name_and_extract_the_product_name(java.lang.String)
  And Add "3" increments to the that product                              # stepDefinations.practice.add_increments_to_the_that_product(java.lang.String)
  And Navigate to the proceed checkout                                    # stepDefinations.practice.navigate_to_the_proceed_checkout()
]]></system-out>
    <system-err><![CDATA[SLF4J(W): No SLF4J providers were found.
SLF4J(W): Defaulting to no-operation (NOP) logger implementation
SLF4J(W): See https://www.slf4j.org/codes.html#noProviders for further details.
Feb 16, 2025 12:17:53 AM org.openqa.selenium.devtools.CdpVersionFinder findNearestMatch
WARNING: Unable to find an exact match for CDP version 133, returning the closest version; found: 132; Please update to a Selenium version that supports CDP version 133
]]></system-err>
  </testcase>
</testsuite>