<?xml version="1.0" encoding="UTF-8"?>
<testng-results ignored="0" total="2" passed="2" failed="0" skipped="0">
  <reporter-output>
  </reporter-output>
  <suite started-at="2025-12-03T18:41:30 IST" name="Suite" finished-at="2025-12-03T18:42:02 IST" duration-ms="31960">
    <groups>
    </groups>
    <test started-at="2025-12-03T18:41:30 IST" name="Test" finished-at="2025-12-03T18:42:02 IST" duration-ms="31960">
      <class name="Listeners.Dynamic_dropdown">
        <test-method signature="WindowHandles()[pri:0, instance:Listeners.Dynamic_dropdown@3febb011]" started-at="2025-12-03T18:41:58 IST" name="WindowHandles" finished-at="2025-12-03T18:42:02 IST" duration-ms="3380" status="PASS">
          <reporter-output>
          </reporter-output>
        </test-method> <!-- WindowHandles -->
      </class> <!-- Listeners.Dynamic_dropdown -->
      <class name="Listeners.windowHandles">
        <test-method signature="WindowHandles()[pri:0, instance:Listeners.windowHandles@49ec71f8]" started-at="2025-12-03T18:41:30 IST" name="WindowHandles" finished-at="2025-12-03T18:41:58 IST" duration-ms="28544" status="PASS">
          <reporter-output>
          </reporter-output>
        </test-method> <!-- WindowHandles -->
      </class> <!-- Listeners.windowHandles -->
    </test> <!-- Test -->
  </suite> <!-- Suite -->
</testng-results>
