<?xml version="1.0" encoding="UTF-8"?>
<testng-results ignored="0" total="1" passed="1" failed="0" skipped="0">
  <reporter-output>
  </reporter-output>
  <suite started-at="2025-02-16T00:17:50 IST" name="Surefire suite" finished-at="2025-02-16T00:18:17 IST" duration-ms="26728">
    <groups>
      <group name="cucumber">
        <method signature="AbstractTestNGCucumberTests.runScenario(io.cucumber.testng.PickleWrapper,io.cucumber.testng.FeatureWrapper)[pri:0, instance:CucumberOptions.TestngTest_runner@359f7cdf]" name="runScenario" class="io.cucumber.testng.AbstractTestNGCucumberTests"/>
        <method signature="AbstractTestNGCucumberTests.runScenario(io.cucumber.testng.PickleWrapper,io.cucumber.testng.FeatureWrapper)[pri:0, instance:CucumberOptions.TestnngTest_runnerfail@3e58a80e]" name="runScenario" class="io.cucumber.testng.AbstractTestNGCucumberTests"/>
      </group> <!-- cucumber -->
    </groups>
    <test started-at="2025-02-16T00:17:50 IST" name="Surefire test" finished-at="2025-02-16T00:18:17 IST" duration-ms="26728">
      <class name="CucumberOptions.TestngTest_runner">
        <test-method is-config="true" signature="setUpClass(org.testng.ITestContext)[pri:0, instance:CucumberOptions.TestngTest_runner@359f7cdf]" started-at="2025-02-16T00:17:50 IST" name="setUpClass" finished-at="2025-02-16T00:17:51 IST" duration-ms="589" status="PASS">
          <params>
            <param index="0">
              <value>
                <![CDATA[org.testng.TestRunner@3670f00]]>
              </value>
            </param>
          </params>
          <reporter-output>
          </reporter-output>
        </test-method> <!-- setUpClass -->
        <test-method signature="runScenario(io.cucumber.testng.PickleWrapper,io.cucumber.testng.FeatureWrapper)[pri:0, instance:CucumberOptions.TestngTest_runner@359f7cdf]" started-at="2025-02-16T00:17:51 IST" name="runScenario" description="Runs Cucumber Scenarios" data-provider="scenarios" finished-at="2025-02-16T00:18:17 IST" duration-ms="26014" status="PASS">
          <params>
            <param index="0">
              <value>
                <![CDATA["practice2"]]>
              </value>
            </param>
            <param index="1">
              <value>
                <![CDATA["user experience on search bar and top deals"]]>
              </value>
            </param>
          </params>
          <reporter-output>
          </reporter-output>
        </test-method> <!-- runScenario -->
        <test-method is-config="true" signature="tearDownClass()[pri:0, instance:CucumberOptions.TestngTest_runner@359f7cdf]" started-at="2025-02-16T00:18:17 IST" name="tearDownClass" finished-at="2025-02-16T00:18:17 IST" duration-ms="64" status="PASS">
          <reporter-output>
          </reporter-output>
        </test-method> <!-- tearDownClass -->
      </class> <!-- CucumberOptions.TestngTest_runner -->
      <class name="CucumberOptions.TestnngTest_runnerfail">
        <test-method is-config="true" signature="setUpClass(org.testng.ITestContext)[pri:0, instance:CucumberOptions.TestnngTest_runnerfail@3e58a80e]" started-at="2025-02-16T00:18:17 IST" name="setUpClass" finished-at="2025-02-16T00:18:17 IST" duration-ms="12" status="PASS">
          <params>
            <param index="0">
              <value>
                <![CDATA[org.testng.TestRunner@3670f00]]>
              </value>
            </param>
          </params>
          <reporter-output>
          </reporter-output>
        </test-method> <!-- setUpClass -->
        <test-method is-config="true" signature="tearDownClass()[pri:0, instance:CucumberOptions.TestnngTest_runnerfail@3e58a80e]" started-at="2025-02-16T00:18:17 IST" name="tearDownClass" finished-at="2025-02-16T00:18:17 IST" duration-ms="8" status="PASS">
          <reporter-output>
          </reporter-output>
        </test-method> <!-- tearDownClass -->
      </class> <!-- CucumberOptions.TestnngTest_runnerfail -->
    </test> <!-- Surefire test -->
  </suite> <!-- Surefire suite -->
</testng-results>
