<?xml version="1.0" encoding="UTF-8"?>
<testng-results ignored="0" total="2" passed="2" failed="0" skipped="0">
  <reporter-output>
  </reporter-output>
  <suite started-at="2025-11-26T18:23:58 IST" name="Suite" finished-at="2025-11-26T18:24:33 IST" duration-ms="35225">
    <groups>
    </groups>
    <test started-at="2025-11-26T18:23:58 IST" name="Test" finished-at="2025-11-26T18:24:33 IST" duration-ms="35225">
      <class name="Listeners.Dynamic_dropdown">
        <test-method signature="WindowHandles()[pri:0, instance:Listeners.Dynamic_dropdown@57a3af25]" started-at="2025-11-26T18:24:27 IST" name="WindowHandles" finished-at="2025-11-26T18:24:33 IST" duration-ms="5702" status="PASS">
          <reporter-output>
          </reporter-output>
        </test-method> <!-- WindowHandles -->
      </class> <!-- Listeners.Dynamic_dropdown -->
      <class name="Listeners.windowHandles">
        <test-method signature="WindowHandles()[pri:0, instance:Listeners.windowHandles@36902638]" started-at="2025-11-26T18:23:58 IST" name="WindowHandles" finished-at="2025-11-26T18:24:27 IST" duration-ms="29486" status="PASS">
          <reporter-output>
          </reporter-output>
        </test-method> <!-- WindowHandles -->
      </class> <!-- Listeners.windowHandles -->
    </test> <!-- Test -->
  </suite> <!-- Suite -->
</testng-results>
