<?xml version="1.0" encoding="UTF-8"?>
<testng-results ignored="0" total="1" passed="1" failed="0" skipped="0">
  <reporter-output>
  </reporter-output>
  <suite started-at="2025-11-26T16:41:01 IST" name="Default suite" finished-at="2025-11-26T16:41:07 IST" duration-ms="6400">
    <groups>
    </groups>
    <test started-at="2025-11-26T16:41:01 IST" name="Default test" finished-at="2025-11-26T16:41:07 IST" duration-ms="6400">
      <class name="Listeners.Dynamic_dropdown">
        <test-method signature="WindowHandles()[pri:0, instance:Listeners.Dynamic_dropdown@223d2c72]" started-at="2025-11-26T16:41:01 IST" name="WindowHandles" finished-at="2025-11-26T16:41:07 IST" duration-ms="6371" status="PASS">
          <reporter-output>
          </reporter-output>
        </test-method> <!-- WindowHandles -->
      </class> <!-- Listeners.Dynamic_dropdown -->
    </test> <!-- Default test -->
  </suite> <!-- Default suite -->
</testng-results>
