<?xml version="1.0" encoding="UTF-8"?>
<testng-results ignored="0" total="1" passed="1" failed="0" skipped="0">
  <reporter-output>
  </reporter-output>
  <suite started-at="2025-11-20T22:07:39 IST" name="Default suite" finished-at="2025-11-20T22:07:49 IST" duration-ms="9414">
    <groups>
    </groups>
    <test started-at="2025-11-20T22:07:39 IST" name="Default test" finished-at="2025-11-20T22:07:49 IST" duration-ms="9414">
      <class name="Listeners.Upload_And_Download">
        <test-method signature="WindowHandles()[pri:0, instance:Listeners.Upload_And_Download@10e31a9a]" started-at="2025-11-20T22:07:39 IST" name="WindowHandles" finished-at="2025-11-20T22:07:49 IST" duration-ms="9377" status="PASS">
          <reporter-output>
          </reporter-output>
        </test-method> <!-- WindowHandles -->
      </class> <!-- Listeners.Upload_And_Download -->
    </test> <!-- Default test -->
  </suite> <!-- Default suite -->
</testng-results>
