<?xml version="1.0" encoding="UTF-8"?>
<!-- Generated by org.testng.reporters.JUnitReportReporter -->
<testsuite hostname="LAPTOP-CK67H558" failures="0" tests="2" name="Listeners.Dataprovider3" time="0.011" errors="0" timestamp="2025-10-24T09:41:01 IST" skipped="0">
  <testcase classname="Listeners.Dataprovider3" name="extractdatafroDP3" time="0.010"/>
  <system-out/>
  <testcase classname="Listeners.Dataprovider3" name="extractdatafroDP3" time="0.001"/>
  <system-out/>
</testsuite> <!-- Listeners.Dataprovider3 -->
