<?xml version="1.0" encoding="UTF-8"?>
<!-- Generated by org.testng.reporters.JUnitReportReporter -->
<testsuite hostname="LAPTOP-CK67H558" failures="0" tests="18" name="Listeners.DataProvider2" time="0.027" errors="0" timestamp="2025-10-12T00:10:00 IST" skipped="0">
  <testcase classname="Listeners.DataProvider2" name="extractdatafroDP3" time="0.001"/>
  <system-out/>
  <testcase classname="Listeners.DataProvider2" name="extractdatafroDP2" time="0.001"/>
  <system-out/>
  <testcase classname="Listeners.DataProvider2" name="extractdatafroDP4" time="0.000"/>
  <system-out/>
  <testcase classname="Listeners.DataProvider2" name="extractdatafroDP3" time="0.002"/>
  <system-out/>
  <testcase classname="Listeners.DataProvider2" name="extractdatafroDP5" time="0.001"/>
  <system-out/>
  <testcase classname="Listeners.DataProvider2" name="extractdatafroDP5" time="0.001"/>
  <system-out/>
  <testcase classname="Listeners.DataProvider2" name="extractdatafroDP6" time="0.001"/>
  <system-out/>
  <testcase classname="Listeners.DataProvider2" name="extractdatafroDP2" time="0.001"/>
  <system-out/>
  <testcase classname="Listeners.DataProvider2" name="extractdatafroDP4" time="0.001"/>
  <system-out/>
  <testcase classname="Listeners.DataProvider2" name="extractdatafroDP6" time="0.002"/>
  <system-out/>
  <testcase classname="Listeners.DataProvider2" name="extractdatafroDP" time="0.008"/>
  <system-out/>
  <testcase classname="Listeners.DataProvider2" name="extractdatafroDP6" time="0.001"/>
  <system-out/>
  <testcase classname="Listeners.DataProvider2" name="extractdatafroDP" time="0.002"/>
  <system-out/>
  <testcase classname="Listeners.DataProvider2" name="extractdatafroDP" time="0.001"/>
  <system-out/>
  <testcase classname="Listeners.DataProvider2" name="extractdatafroDP5" time="0.001"/>
  <system-out/>
  <testcase classname="Listeners.DataProvider2" name="extractdatafroDP4" time="0.001"/>
  <system-out/>
  <testcase classname="Listeners.DataProvider2" name="extractdatafroDP3" time="0.001"/>
  <system-out/>
  <testcase classname="Listeners.DataProvider2" name="extractdatafroDP2" time="0.001"/>
  <system-out/>
</testsuite> <!-- Listeners.DataProvider2 -->
